? .git
? .gitignore
? status.log
? up.log
? ppp/ppp/obj
? ppp/pppctl/obj
P bgpd/parse.y
P bgpd/rde.c
P kvm_mkdb/nlist.c
P ospfd/rde.c
P pkg_add/pkg_add
P pkg_add/pkg_delete
P pkg_add/OpenBSD/Add.pm
P pkg_add/OpenBSD/ArcCheck.pm
P pkg_add/OpenBSD/CollisionReport.pm
P pkg_add/OpenBSD/Delete.pm
P pkg_add/OpenBSD/Dependencies.pm
P pkg_add/OpenBSD/Error.pm
P pkg_add/OpenBSD/Handle.pm
P pkg_add/OpenBSD/PackageInfo.pm
P pkg_add/OpenBSD/PackingElement.pm
P pkg_add/OpenBSD/ProgressMeter.pm
P pkg_add/OpenBSD/Replace.pm
P pkg_add/OpenBSD/SharedItems.pm
P pkg_add/OpenBSD/SharedLibs.pm
P pkg_add/OpenBSD/Update.pm
P pkg_add/OpenBSD/UpdateSet.pm
P pkg_add/OpenBSD/Vstat.pm
P pkg_add/OpenBSD/x509.pm
P popa3d/standalone.c
C ppp/ppp/route.c
P relayd/relayd.c
P rtsold/probe.c
P sasyncd/log.c
P sasyncd/sasyncd.c
P smtpd/bounce.c
P smtpd/client.c
P smtpd/dns.c
P smtpd/mda.c
P smtpd/mta.c
P smtpd/ssl.c
P tcpdump/print-ipsec.c
P tcpdump/print-lldp.c
P tcpdump/print-ppp.c
P tcpdump/print-snmp.c
